[dotenv@17.3.1] injecting env (13) from .env.local -- tip: ⚙️  override existing env vars with { override: true }

💰 Adding Revenue Data
══════════════════════════════════════════════════

✅ Found 32 clubs


==================================================
🏢 Beaumont Ski Club
==================================================
  ⚠️  No sub-programs found, skipping...

==================================================
🏢 Cormierborough Ski Club
==================================================
  ⚠️  No sub-programs found, skipping...

==================================================
🏢 Dameonborough Ski Club
==================================================
  ⚠️  No sub-programs found, skipping...

==================================================
🏢 East Jazmynboro Ski Club
==================================================
  ⚠️  No sub-programs found, skipping...

==================================================
🏢 East Williamside Ski Club
==================================================
  ⚠️  No sub-programs found, skipping...

==================================================
🏢 Evelynside Ski Club
==================================================
  ⚠️  No sub-programs found, skipping...

==================================================
🏢 Fort Hirambury Ski Club
==================================================
  ⚠️  No sub-programs found, skipping...

==================================================
🏢 Fort Maymieworth Ski Club
==================================================
  ⚠️  No sub-programs found, skipping...

==================================================
🏢 Franciscoworth Ski Club
==================================================
  ⚠️  No sub-programs found, skipping...

==================================================
🏢 Franeckimouth Ski Club
==================================================
  ⚠️  No sub-programs found, skipping...

==================================================
🏢 GTSSF
==================================================
  ⚠️  No sub-programs found, skipping...

==================================================
🏢 Hannahboro Ski Club
==================================================
  ⚠️  No sub-programs found, skipping...

==================================================
🏢 Heidenreichborough Ski Club
==================================================
  ⚠️  No sub-programs found, skipping...

==================================================
🏢 Hilllhaven Ski Club
==================================================
  ⚠️  No sub-programs found, skipping...

==================================================
🏢 Jackson
==================================================
  ⚠️  No sub-programs found, skipping...

==================================================
🏢 Kochville Ski Club
==================================================
  ⚠️  No sub-programs found, skipping...

==================================================
🏢 Koeppworth Ski Club
==================================================
  ⚠️  No sub-programs found, skipping...

==================================================
🏢 Lake Abel Ski Club
==================================================
  ⚠️  No sub-programs found, skipping...

==================================================
🏢 Lake Gabriel Ski Club
==================================================
  ⚠️  No sub-programs found, skipping...

==================================================
🏢 Laurenside Ski Club
==================================================
  ⚠️  No sub-programs found, skipping...

==================================================
🏢 New Ansleyhaven Ski Club
==================================================
  ⚠️  No sub-programs found, skipping...

==================================================
🏢 New Hectormouth Ski Club
==================================================
  ⚠️  No sub-programs found, skipping...

==================================================
🏢 North Dariusfort Ski Club
==================================================
  ⚠️  No sub-programs found, skipping...

==================================================
🏢 Port Don Ski Club
==================================================
  ⚠️  No sub-programs found, skipping...

==================================================
🏢 Riceton Ski Club
==================================================
  ⚠️  No sub-programs found, skipping...

==================================================
🏢 Robelberg Ski Club
==================================================
  ⚠️  No sub-programs found, skipping...

==================================================
🏢 Sandy Ski Club
==================================================
  ⚠️  No sub-programs found, skipping...

==================================================
🏢 South Manley Ski Club
==================================================
  ⚠️  No sub-programs found, skipping...

==================================================
🏢 Springfield Ski Club
==================================================
  ⚠️  No sub-programs found, skipping...

==================================================
🏢 Victoriashire Ski Club
==================================================
  ⚠️  No sub-programs found, skipping...

==================================================
🏢 West Laurelworth Ski Club
==================================================
  ⚠️  No sub-programs found, skipping...

==================================================
🏢 Zoiehaven Ski Club
==================================================
  ⚠️  No sub-programs found, skipping...

══════════════════════════════════════════════════
✅ REVENUE GENERATION COMPLETE!
══════════════════════════════════════════════════
⏱️  Duration: 0.07 minutes
📝 Total Orders: 0
🎫 Total Registrations: 0
💰 Total Revenue: $0
══════════════════════════════════════════════════

